c:\users\gabri\source\repos\foxbox2d\cppppp\x64\debug\collision.obj
c:\users\gabri\source\repos\foxbox2d\cppppp\x64\debug\epa.obj
c:\users\gabri\source\repos\foxbox2d\cppppp\x64\debug\utils.obj
c:\users\gabri\source\repos\foxbox2d\cppppp\x64\debug\main.obj
c:\users\gabri\source\repos\foxbox2d\cppppp\x64\debug\gjk.obj
c:\users\gabri\source\repos\foxbox2d\cppppp\x64\debug\collider.obj
c:\users\gabri\source\repos\foxbox2d\cppppp\x64\debug\vector_utils.obj
c:\users\gabri\source\repos\foxbox2d\cppppp\x64\debug\game.obj
c:\users\gabri\source\repos\foxbox2d\cppppp\x64\debug\vc143.pdb
c:\users\gabri\source\repos\foxbox2d\x64\debug\foxbox2d.exe
c:\users\gabri\source\repos\foxbox2d\cppppp\x64\debug\foxbox2d.ilk
c:\users\gabri\source\repos\foxbox2d\x64\debug\foxbox2d.pdb
c:\users\gabri\source\repos\foxbox2d\cppppp\x64\debug\cppppp.ilk
c:\users\gabri\source\repos\foxbox2d\cppppp\x64\debug\vc143.idb
c:\users\gabri\source\repos\foxbox2d\cppppp\x64\debug\foxbox2d.tlog\cl.command.1.tlog
c:\users\gabri\source\repos\foxbox2d\cppppp\x64\debug\foxbox2d.tlog\cl.read.1.tlog
c:\users\gabri\source\repos\foxbox2d\cppppp\x64\debug\foxbox2d.tlog\cl.write.1.tlog
c:\users\gabri\source\repos\foxbox2d\cppppp\x64\debug\foxbox2d.tlog\link.command.1.tlog
c:\users\gabri\source\repos\foxbox2d\cppppp\x64\debug\foxbox2d.tlog\link.read.1.tlog
c:\users\gabri\source\repos\foxbox2d\cppppp\x64\debug\foxbox2d.tlog\link.write.1.tlog
